000 (2931181.000.000) 03/19 12:12:56 Job submitted from host: <172.20.6.1:9352>
...
001 (2931181.000.000) 03/19 12:13:18 Job executing on host: <172.20.201.3:9113?addrs=172.20.201.3-9113>
...
006 (2931181.000.000) 03/19 12:13:18 Image size of job updated: 2
	0  -  MemoryUsage of job (MB)
	0  -  ResidentSetSize of job (KB)
...
005 (2931181.000.000) 03/19 12:13:19 Job terminated.
	(1) Normal termination (return value 0)
		Usr 0 00:00:00, Sys 0 00:00:00  -  Run Remote Usage
		Usr 0 00:00:00, Sys 0 00:00:00  -  Run Local Usage
		Usr 0 00:00:00, Sys 0 00:00:00  -  Total Remote Usage
		Usr 0 00:00:00, Sys 0 00:00:00  -  Total Local Usage
	1392  -  Run Bytes Sent By Job
	1036  -  Run Bytes Received By Job
	1392  -  Total Bytes Sent By Job
	1036  -  Total Bytes Received By Job
	Partitionable Resources :    Usage  Request Allocated
	   Cpus                 :                 1         1
	   Disk (KB)            :       11        2  12234390
	   Memory (MB)          :        0        1      6054
...
000 (2931182.000.000) 03/19 12:16:40 Job submitted from host: <172.20.6.1:9352>
...
001 (2931182.000.000) 03/19 12:16:59 Job executing on host: <172.20.201.3:9113?addrs=172.20.201.3-9113>
...
006 (2931182.000.000) 03/19 12:16:59 Image size of job updated: 2
	0  -  MemoryUsage of job (MB)
	0  -  ResidentSetSize of job (KB)
...
005 (2931182.000.000) 03/19 12:17:00 Job terminated.
	(1) Normal termination (return value 0)
		Usr 0 00:00:00, Sys 0 00:00:00  -  Run Remote Usage
		Usr 0 00:00:00, Sys 0 00:00:00  -  Run Local Usage
		Usr 0 00:00:00, Sys 0 00:00:00  -  Total Remote Usage
		Usr 0 00:00:00, Sys 0 00:00:00  -  Total Local Usage
	1385  -  Run Bytes Sent By Job
	1052  -  Run Bytes Received By Job
	1385  -  Total Bytes Sent By Job
	1052  -  Total Bytes Received By Job
	Partitionable Resources :    Usage  Request Allocated
	   Cpus                 :                 1         1
	   Disk (KB)            :       11        2  12234390
	   Memory (MB)          :        0        1      6054
...
000 (2931183.000.000) 03/19 12:20:04 Job submitted from host: <172.20.6.1:9352>
...
001 (2931183.000.000) 03/19 12:20:21 Job executing on host: <172.20.201.3:9113?addrs=172.20.201.3-9113>
...
006 (2931183.000.000) 03/19 12:20:22 Image size of job updated: 2
	0  -  MemoryUsage of job (MB)
	0  -  ResidentSetSize of job (KB)
...
005 (2931183.000.000) 03/19 12:20:23 Job terminated.
	(1) Normal termination (return value 0)
		Usr 0 00:00:00, Sys 0 00:00:00  -  Run Remote Usage
		Usr 0 00:00:00, Sys 0 00:00:00  -  Run Local Usage
		Usr 0 00:00:00, Sys 0 00:00:00  -  Total Remote Usage
		Usr 0 00:00:00, Sys 0 00:00:00  -  Total Local Usage
	1385  -  Run Bytes Sent By Job
	1052  -  Run Bytes Received By Job
	1385  -  Total Bytes Sent By Job
	1052  -  Total Bytes Received By Job
	Partitionable Resources :    Usage  Request Allocated
	   Cpus                 :                 1         1
	   Disk (KB)            :       11        2  12234390
	   Memory (MB)          :        0        1      6054
...
000 (2931184.000.000) 03/19 12:26:59 Job submitted from host: <172.20.6.1:9352>
...
001 (2931184.000.000) 03/19 12:27:06 Job executing on host: <172.20.201.3:9113?addrs=172.20.201.3-9113>
...
006 (2931184.000.000) 03/19 12:27:06 Image size of job updated: 2
	0  -  MemoryUsage of job (MB)
	0  -  ResidentSetSize of job (KB)
...
005 (2931184.000.000) 03/19 12:27:07 Job terminated.
	(1) Normal termination (return value 0)
		Usr 0 00:00:00, Sys 0 00:00:00  -  Run Remote Usage
		Usr 0 00:00:00, Sys 0 00:00:00  -  Run Local Usage
		Usr 0 00:00:00, Sys 0 00:00:00  -  Total Remote Usage
		Usr 0 00:00:00, Sys 0 00:00:00  -  Total Local Usage
	1363  -  Run Bytes Sent By Job
	1103  -  Run Bytes Received By Job
	1363  -  Total Bytes Sent By Job
	1103  -  Total Bytes Received By Job
	Partitionable Resources :    Usage  Request Allocated
	   Cpus                 :                 1         1
	   Disk (KB)            :       11        2  12234390
	   Memory (MB)          :        0        1      6054
...
000 (2931185.000.000) 03/19 12:34:39 Job submitted from host: <172.20.6.1:9352>
...
001 (2931185.000.000) 03/19 12:34:50 Job executing on host: <172.20.23.1:9746?addrs=172.20.23.1-9746>
...
006 (2931185.000.000) 03/19 12:34:50 Image size of job updated: 2
	0  -  MemoryUsage of job (MB)
	0  -  ResidentSetSize of job (KB)
...
005 (2931185.000.000) 03/19 12:34:51 Job terminated.
	(1) Normal termination (return value 0)
		Usr 0 00:00:00, Sys 0 00:00:00  -  Run Remote Usage
		Usr 0 00:00:00, Sys 0 00:00:00  -  Run Local Usage
		Usr 0 00:00:00, Sys 0 00:00:00  -  Total Remote Usage
		Usr 0 00:00:00, Sys 0 00:00:00  -  Total Local Usage
	1447  -  Run Bytes Sent By Job
	1102  -  Run Bytes Received By Job
	1447  -  Total Bytes Sent By Job
	1102  -  Total Bytes Received By Job
	Partitionable Resources :    Usage  Request Allocated
	   Cpus                 :                 1         1
	   Disk (KB)            :       11        2  12170389
	   Memory (MB)          :        0        1      6054
...
000 (2931186.000.000) 03/19 12:37:26 Job submitted from host: <172.20.6.1:9352>
...
001 (2931186.000.000) 03/19 12:37:31 Job executing on host: <172.20.201.3:9113?addrs=172.20.201.3-9113>
...
006 (2931186.000.000) 03/19 12:37:31 Image size of job updated: 2
	0  -  MemoryUsage of job (MB)
	0  -  ResidentSetSize of job (KB)
...
005 (2931186.000.000) 03/19 12:37:32 Job terminated.
	(1) Normal termination (return value 0)
		Usr 0 00:00:00, Sys 0 00:00:00  -  Run Remote Usage
		Usr 0 00:00:00, Sys 0 00:00:00  -  Run Local Usage
		Usr 0 00:00:00, Sys 0 00:00:00  -  Total Remote Usage
		Usr 0 00:00:00, Sys 0 00:00:00  -  Total Local Usage
	1270  -  Run Bytes Sent By Job
	1102  -  Run Bytes Received By Job
	1270  -  Total Bytes Sent By Job
	1102  -  Total Bytes Received By Job
	Partitionable Resources :    Usage  Request Allocated
	   Cpus                 :                 1         1
	   Disk (KB)            :       11        2  12234390
	   Memory (MB)          :        0        1      6054
...
000 (2931187.000.000) 03/19 12:43:56 Job submitted from host: <172.20.6.1:9352>
...
001 (2931187.000.000) 03/19 12:44:14 Job executing on host: <172.20.23.1:9746?addrs=172.20.23.1-9746>
...
006 (2931187.000.000) 03/19 12:44:14 Image size of job updated: 2
	0  -  MemoryUsage of job (MB)
	0  -  ResidentSetSize of job (KB)
...
005 (2931187.000.000) 03/19 12:44:15 Job terminated.
	(1) Normal termination (return value 0)
		Usr 0 00:00:00, Sys 0 00:00:00  -  Run Remote Usage
		Usr 0 00:00:00, Sys 0 00:00:00  -  Run Local Usage
		Usr 0 00:00:00, Sys 0 00:00:00  -  Total Remote Usage
		Usr 0 00:00:00, Sys 0 00:00:00  -  Total Local Usage
	1623  -  Run Bytes Sent By Job
	1102  -  Run Bytes Received By Job
	1623  -  Total Bytes Sent By Job
	1102  -  Total Bytes Received By Job
	Partitionable Resources :    Usage  Request Allocated
	   Cpus                 :                 1         1
	   Disk (KB)            :       11        2  12170389
	   Memory (MB)          :        0        1      6054
...
000 (2931188.000.000) 03/19 13:09:24 Job submitted from host: <172.20.6.1:9352>
...
001 (2931188.000.000) 03/19 13:09:30 Job executing on host: <172.20.23.1:9746?addrs=172.20.23.1-9746>
...
006 (2931188.000.000) 03/19 13:09:30 Image size of job updated: 2
	0  -  MemoryUsage of job (MB)
	0  -  ResidentSetSize of job (KB)
...
005 (2931188.000.000) 03/19 13:09:31 Job terminated.
	(1) Normal termination (return value 0)
		Usr 0 00:00:00, Sys 0 00:00:00  -  Run Remote Usage
		Usr 0 00:00:00, Sys 0 00:00:00  -  Run Local Usage
		Usr 0 00:00:00, Sys 0 00:00:00  -  Total Remote Usage
		Usr 0 00:00:00, Sys 0 00:00:00  -  Total Local Usage
	819  -  Run Bytes Sent By Job
	1036  -  Run Bytes Received By Job
	819  -  Total Bytes Sent By Job
	1036  -  Total Bytes Received By Job
	Partitionable Resources :    Usage  Request Allocated
	   Cpus                 :                 1         1
	   Disk (KB)            :       10        2  12170389
	   Memory (MB)          :        0        1      6054
...
000 (2931189.000.000) 03/19 13:12:59 Job submitted from host: <172.20.6.1:9352>
...
001 (2931189.000.000) 03/19 13:13:13 Job executing on host: <172.20.201.3:9113?addrs=172.20.201.3-9113>
...
006 (2931189.000.000) 03/19 13:13:13 Image size of job updated: 2
	0  -  MemoryUsage of job (MB)
	0  -  ResidentSetSize of job (KB)
...
005 (2931189.000.000) 03/19 13:13:14 Job terminated.
	(1) Normal termination (return value 0)
		Usr 0 00:00:00, Sys 0 00:00:00  -  Run Remote Usage
		Usr 0 00:00:00, Sys 0 00:00:00  -  Run Local Usage
		Usr 0 00:00:00, Sys 0 00:00:00  -  Total Remote Usage
		Usr 0 00:00:00, Sys 0 00:00:00  -  Total Local Usage
	642  -  Run Bytes Sent By Job
	1036  -  Run Bytes Received By Job
	642  -  Total Bytes Sent By Job
	1036  -  Total Bytes Received By Job
	Partitionable Resources :    Usage  Request Allocated
	   Cpus                 :                 1         1
	   Disk (KB)            :       10        2  12234390
	   Memory (MB)          :        0        1      6054
...
000 (2931190.000.000) 03/19 13:15:25 Job submitted from host: <172.20.6.1:9352>
...
001 (2931190.000.000) 03/19 13:15:34 Job executing on host: <172.20.201.3:9113?addrs=172.20.201.3-9113>
...
006 (2931190.000.000) 03/19 13:15:34 Image size of job updated: 2
	0  -  MemoryUsage of job (MB)
	0  -  ResidentSetSize of job (KB)
...
005 (2931190.000.000) 03/19 13:15:35 Job terminated.
	(1) Normal termination (return value 0)
		Usr 0 00:00:00, Sys 0 00:00:00  -  Run Remote Usage
		Usr 0 00:00:00, Sys 0 00:00:00  -  Run Local Usage
		Usr 0 00:00:00, Sys 0 00:00:00  -  Total Remote Usage
		Usr 0 00:00:00, Sys 0 00:00:00  -  Total Local Usage
	1491  -  Run Bytes Sent By Job
	1034  -  Run Bytes Received By Job
	1491  -  Total Bytes Sent By Job
	1034  -  Total Bytes Received By Job
	Partitionable Resources :    Usage  Request Allocated
	   Cpus                 :                 1         1
	   Disk (KB)            :       11        2  12234390
	   Memory (MB)          :        0        1      6054
...
000 (2931191.000.000) 03/19 13:18:51 Job submitted from host: <172.20.6.1:9352>
...
001 (2931191.000.000) 03/19 13:18:57 Job executing on host: <172.20.201.3:9113?addrs=172.20.201.3-9113>
...
006 (2931191.000.000) 03/19 13:18:57 Image size of job updated: 2
	0  -  MemoryUsage of job (MB)
	0  -  ResidentSetSize of job (KB)
...
005 (2931191.000.000) 03/19 13:18:58 Job terminated.
	(1) Normal termination (return value 0)
		Usr 0 00:00:00, Sys 0 00:00:00  -  Run Remote Usage
		Usr 0 00:00:00, Sys 0 00:00:00  -  Run Local Usage
		Usr 0 00:00:00, Sys 0 00:00:00  -  Total Remote Usage
		Usr 0 00:00:00, Sys 0 00:00:00  -  Total Local Usage
	1488  -  Run Bytes Sent By Job
	1034  -  Run Bytes Received By Job
	1488  -  Total Bytes Sent By Job
	1034  -  Total Bytes Received By Job
	Partitionable Resources :    Usage  Request Allocated
	   Cpus                 :                 1         1
	   Disk (KB)            :       11        2  12234390
	   Memory (MB)          :        0        1      6054
...
000 (2931192.000.000) 03/19 13:21:23 Job submitted from host: <172.20.6.1:9352>
...
001 (2931192.000.000) 03/19 13:21:38 Job executing on host: <172.20.201.3:9113?addrs=172.20.201.3-9113>
...
006 (2931192.000.000) 03/19 13:21:38 Image size of job updated: 2
	0  -  MemoryUsage of job (MB)
	0  -  ResidentSetSize of job (KB)
...
005 (2931192.000.000) 03/19 13:21:39 Job terminated.
	(1) Normal termination (return value 0)
		Usr 0 00:00:00, Sys 0 00:00:00  -  Run Remote Usage
		Usr 0 00:00:00, Sys 0 00:00:00  -  Run Local Usage
		Usr 0 00:00:00, Sys 0 00:00:00  -  Total Remote Usage
		Usr 0 00:00:00, Sys 0 00:00:00  -  Total Local Usage
	1813  -  Run Bytes Sent By Job
	1033  -  Run Bytes Received By Job
	1813  -  Total Bytes Sent By Job
	1033  -  Total Bytes Received By Job
	Partitionable Resources :    Usage  Request Allocated
	   Cpus                 :                 1         1
	   Disk (KB)            :       11        2  12234390
	   Memory (MB)          :        0        1      6054
...
000 (2931193.000.000) 03/19 13:23:44 Job submitted from host: <172.20.6.1:9352>
...
001 (2931193.000.000) 03/19 13:23:59 Job executing on host: <172.20.201.3:9113?addrs=172.20.201.3-9113>
...
006 (2931193.000.000) 03/19 13:24:00 Image size of job updated: 2
	0  -  MemoryUsage of job (MB)
	0  -  ResidentSetSize of job (KB)
...
005 (2931193.000.000) 03/19 13:24:01 Job terminated.
	(1) Normal termination (return value 0)
		Usr 0 00:00:00, Sys 0 00:00:00  -  Run Remote Usage
		Usr 0 00:00:00, Sys 0 00:00:00  -  Run Local Usage
		Usr 0 00:00:00, Sys 0 00:00:00  -  Total Remote Usage
		Usr 0 00:00:00, Sys 0 00:00:00  -  Total Local Usage
	1813  -  Run Bytes Sent By Job
	1031  -  Run Bytes Received By Job
	1813  -  Total Bytes Sent By Job
	1031  -  Total Bytes Received By Job
	Partitionable Resources :    Usage  Request Allocated
	   Cpus                 :                 1         1
	   Disk (KB)            :       11        2  12234390
	   Memory (MB)          :        0        1      6054
...
000 (2931194.000.000) 03/19 13:25:30 Job submitted from host: <172.20.6.1:9352>
...
001 (2931194.000.000) 03/19 13:25:40 Job executing on host: <172.20.201.3:9113?addrs=172.20.201.3-9113>
...
006 (2931194.000.000) 03/19 13:25:41 Image size of job updated: 2
	0  -  MemoryUsage of job (MB)
	0  -  ResidentSetSize of job (KB)
...
005 (2931194.000.000) 03/19 13:25:42 Job terminated.
	(1) Normal termination (return value 0)
		Usr 0 00:00:00, Sys 0 00:00:00  -  Run Remote Usage
		Usr 0 00:00:00, Sys 0 00:00:00  -  Run Local Usage
		Usr 0 00:00:00, Sys 0 00:00:00  -  Total Remote Usage
		Usr 0 00:00:00, Sys 0 00:00:00  -  Total Local Usage
	1813  -  Run Bytes Sent By Job
	1031  -  Run Bytes Received By Job
	1813  -  Total Bytes Sent By Job
	1031  -  Total Bytes Received By Job
	Partitionable Resources :    Usage  Request Allocated
	   Cpus                 :                 1         1
	   Disk (KB)            :       11        2  12234390
	   Memory (MB)          :        0        1      6054
...
000 (2931195.000.000) 03/19 13:27:08 Job submitted from host: <172.20.6.1:9352>
...
001 (2931195.000.000) 03/19 13:27:22 Job executing on host: <172.20.201.3:9113?addrs=172.20.201.3-9113>
...
006 (2931195.000.000) 03/19 13:27:22 Image size of job updated: 2
	0  -  MemoryUsage of job (MB)
	0  -  ResidentSetSize of job (KB)
...
005 (2931195.000.000) 03/19 13:27:23 Job terminated.
	(1) Normal termination (return value 0)
		Usr 0 00:00:00, Sys 0 00:00:00  -  Run Remote Usage
		Usr 0 00:00:00, Sys 0 00:00:00  -  Run Local Usage
		Usr 0 00:00:00, Sys 0 00:00:00  -  Total Remote Usage
		Usr 0 00:00:00, Sys 0 00:00:00  -  Total Local Usage
	2519  -  Run Bytes Sent By Job
	1032  -  Run Bytes Received By Job
	2519  -  Total Bytes Sent By Job
	1032  -  Total Bytes Received By Job
	Partitionable Resources :    Usage  Request Allocated
	   Cpus                 :                 1         1
	   Disk (KB)            :       12        2  12234390
	   Memory (MB)          :        0        1      6054
...
000 (2931196.000.000) 03/19 13:30:21 Job submitted from host: <172.20.6.1:9352>
...
001 (2931196.000.000) 03/19 13:30:23 Job executing on host: <172.20.201.3:9113?addrs=172.20.201.3-9113>
...
006 (2931196.000.000) 03/19 13:30:23 Image size of job updated: 2
	0  -  MemoryUsage of job (MB)
	0  -  ResidentSetSize of job (KB)
...
005 (2931196.000.000) 03/19 13:30:24 Job terminated.
	(1) Normal termination (return value 0)
		Usr 0 00:00:00, Sys 0 00:00:00  -  Run Remote Usage
		Usr 0 00:00:00, Sys 0 00:00:00  -  Run Local Usage
		Usr 0 00:00:00, Sys 0 00:00:00  -  Total Remote Usage
		Usr 0 00:00:00, Sys 0 00:00:00  -  Total Local Usage
	2544  -  Run Bytes Sent By Job
	1039  -  Run Bytes Received By Job
	2544  -  Total Bytes Sent By Job
	1039  -  Total Bytes Received By Job
	Partitionable Resources :    Usage  Request Allocated
	   Cpus                 :                 1         1
	   Disk (KB)            :       12        2  12234390
	   Memory (MB)          :        0        1      6054
...
000 (2931197.000.000) 03/19 13:31:25 Job submitted from host: <172.20.6.1:9352>
...
001 (2931197.000.000) 03/19 13:31:44 Job executing on host: <172.20.201.3:9113?addrs=172.20.201.3-9113>
...
006 (2931197.000.000) 03/19 13:31:44 Image size of job updated: 2
	0  -  MemoryUsage of job (MB)
	0  -  ResidentSetSize of job (KB)
...
005 (2931197.000.000) 03/19 13:31:45 Job terminated.
	(1) Normal termination (return value 0)
		Usr 0 00:00:00, Sys 0 00:00:00  -  Run Remote Usage
		Usr 0 00:00:00, Sys 0 00:00:00  -  Run Local Usage
		Usr 0 00:00:00, Sys 0 00:00:00  -  Total Remote Usage
		Usr 0 00:00:00, Sys 0 00:00:00  -  Total Local Usage
	1732  -  Run Bytes Sent By Job
	1032  -  Run Bytes Received By Job
	1732  -  Total Bytes Sent By Job
	1032  -  Total Bytes Received By Job
	Partitionable Resources :    Usage  Request Allocated
	   Cpus                 :                 1         1
	   Disk (KB)            :       11        2  12234390
	   Memory (MB)          :        0        1      6054
...
000 (2931198.000.000) 03/19 13:33:11 Job submitted from host: <172.20.6.1:9352>
...
001 (2931198.000.000) 03/19 13:33:26 Job executing on host: <172.20.201.3:9113?addrs=172.20.201.3-9113>
...
006 (2931198.000.000) 03/19 13:33:26 Image size of job updated: 2
	0  -  MemoryUsage of job (MB)
	0  -  ResidentSetSize of job (KB)
...
005 (2931198.000.000) 03/19 13:33:27 Job terminated.
	(1) Normal termination (return value 0)
		Usr 0 00:00:00, Sys 0 00:00:00  -  Run Remote Usage
		Usr 0 00:00:00, Sys 0 00:00:00  -  Run Local Usage
		Usr 0 00:00:00, Sys 0 00:00:00  -  Total Remote Usage
		Usr 0 00:00:00, Sys 0 00:00:00  -  Total Local Usage
	2545  -  Run Bytes Sent By Job
	1040  -  Run Bytes Received By Job
	2545  -  Total Bytes Sent By Job
	1040  -  Total Bytes Received By Job
	Partitionable Resources :    Usage  Request Allocated
	   Cpus                 :                 1         1
	   Disk (KB)            :       12        2  12234390
	   Memory (MB)          :        0        1      6054
...
000 (2931199.000.000) 03/19 13:35:14 Job submitted from host: <172.20.6.1:9352>
...
001 (2931199.000.000) 03/19 13:35:27 Job executing on host: <172.20.201.3:9113?addrs=172.20.201.3-9113>
...
006 (2931199.000.000) 03/19 13:35:27 Image size of job updated: 2
	0  -  MemoryUsage of job (MB)
	0  -  ResidentSetSize of job (KB)
...
005 (2931199.000.000) 03/19 13:35:28 Job terminated.
	(1) Normal termination (return value 0)
		Usr 0 00:00:00, Sys 0 00:00:00  -  Run Remote Usage
		Usr 0 00:00:00, Sys 0 00:00:00  -  Run Local Usage
		Usr 0 00:00:00, Sys 0 00:00:00  -  Total Remote Usage
		Usr 0 00:00:00, Sys 0 00:00:00  -  Total Local Usage
	2531  -  Run Bytes Sent By Job
	1050  -  Run Bytes Received By Job
	2531  -  Total Bytes Sent By Job
	1050  -  Total Bytes Received By Job
	Partitionable Resources :    Usage  Request Allocated
	   Cpus                 :                 1         1
	   Disk (KB)            :       12        2  12234390
	   Memory (MB)          :        0        1      6054
...
000 (2931200.000.000) 03/19 13:39:10 Job submitted from host: <172.20.6.1:9352>
...
001 (2931200.000.000) 03/19 13:39:30 Job executing on host: <172.20.23.1:9746?addrs=172.20.23.1-9746>
...
006 (2931200.000.000) 03/19 13:39:30 Image size of job updated: 2
	0  -  MemoryUsage of job (MB)
	0  -  ResidentSetSize of job (KB)
...
005 (2931200.000.000) 03/19 13:39:31 Job terminated.
	(1) Normal termination (return value 0)
		Usr 0 00:00:00, Sys 0 00:00:00  -  Run Remote Usage
		Usr 0 00:00:00, Sys 0 00:00:00  -  Run Local Usage
		Usr 0 00:00:00, Sys 0 00:00:00  -  Total Remote Usage
		Usr 0 00:00:00, Sys 0 00:00:00  -  Total Local Usage
	2471  -  Run Bytes Sent By Job
	1075  -  Run Bytes Received By Job
	2471  -  Total Bytes Sent By Job
	1075  -  Total Bytes Received By Job
	Partitionable Resources :    Usage  Request Allocated
	   Cpus                 :                 1         1
	   Disk (KB)            :       12        2  12170389
	   Memory (MB)          :        0        1      6054
...
000 (2931201.000.000) 03/19 13:40:44 Job submitted from host: <172.20.6.1:9352>
...
001 (2931201.000.000) 03/19 13:40:51 Job executing on host: <172.20.201.3:9113?addrs=172.20.201.3-9113>
...
006 (2931201.000.000) 03/19 13:40:51 Image size of job updated: 2
	0  -  MemoryUsage of job (MB)
	0  -  ResidentSetSize of job (KB)
...
005 (2931201.000.000) 03/19 13:40:52 Job terminated.
	(1) Normal termination (return value 0)
		Usr 0 00:00:00, Sys 0 00:00:00  -  Run Remote Usage
		Usr 0 00:00:00, Sys 0 00:00:00  -  Run Local Usage
		Usr 0 00:00:00, Sys 0 00:00:00  -  Total Remote Usage
		Usr 0 00:00:00, Sys 0 00:00:00  -  Total Local Usage
	2471  -  Run Bytes Sent By Job
	1076  -  Run Bytes Received By Job
	2471  -  Total Bytes Sent By Job
	1076  -  Total Bytes Received By Job
	Partitionable Resources :    Usage  Request Allocated
	   Cpus                 :                 1         1
	   Disk (KB)            :       12        2  12234390
	   Memory (MB)          :        0        1      6054
...
000 (2931202.000.000) 03/19 14:04:53 Job submitted from host: <172.20.6.1:9352>
...
001 (2931202.000.000) 03/19 14:05:03 Job executing on host: <172.20.23.1:9746?addrs=172.20.23.1-9746>
...
006 (2931202.000.000) 03/19 14:05:03 Image size of job updated: 2
	0  -  MemoryUsage of job (MB)
	0  -  ResidentSetSize of job (KB)
...
005 (2931202.000.000) 03/19 14:05:04 Job terminated.
	(1) Normal termination (return value 0)
		Usr 0 00:00:00, Sys 0 00:00:00  -  Run Remote Usage
		Usr 0 00:00:00, Sys 0 00:00:00  -  Run Local Usage
		Usr 0 00:00:00, Sys 0 00:00:00  -  Total Remote Usage
		Usr 0 00:00:00, Sys 0 00:00:00  -  Total Local Usage
	1749  -  Run Bytes Sent By Job
	1092  -  Run Bytes Received By Job
	1749  -  Total Bytes Sent By Job
	1092  -  Total Bytes Received By Job
	Partitionable Resources :    Usage  Request Allocated
	   Cpus                 :                 1         1
	   Disk (KB)            :       11        2  12170389
	   Memory (MB)          :        0        1      6054
...
000 (2931203.000.000) 03/19 14:14:09 Job submitted from host: <172.20.6.1:9352>
...
001 (2931203.000.000) 03/19 14:14:29 Job executing on host: <172.20.23.1:9746?addrs=172.20.23.1-9746>
...
006 (2931203.000.000) 03/19 14:14:29 Image size of job updated: 2
	0  -  MemoryUsage of job (MB)
	0  -  ResidentSetSize of job (KB)
...
005 (2931203.000.000) 03/19 14:14:30 Job terminated.
	(1) Normal termination (return value 0)
		Usr 0 00:00:00, Sys 0 00:00:00  -  Run Remote Usage
		Usr 0 00:00:00, Sys 0 00:00:00  -  Run Local Usage
		Usr 0 00:00:00, Sys 0 00:00:00  -  Total Remote Usage
		Usr 0 00:00:00, Sys 0 00:00:00  -  Total Local Usage
	1674  -  Run Bytes Sent By Job
	1061  -  Run Bytes Received By Job
	1674  -  Total Bytes Sent By Job
	1061  -  Total Bytes Received By Job
	Partitionable Resources :    Usage  Request Allocated
	   Cpus                 :                 1         1
	   Disk (KB)            :       11        2  12170389
	   Memory (MB)          :        0        1      6054
...
000 (2931686.000.000) 03/19 14:45:50 Job submitted from host: <172.20.6.1:9352>
...
001 (2931686.000.000) 03/19 14:45:52 Job executing on host: <172.20.201.3:9113?addrs=172.20.201.3-9113>
...
006 (2931686.000.000) 03/19 14:45:52 Image size of job updated: 2
	0  -  MemoryUsage of job (MB)
	0  -  ResidentSetSize of job (KB)
...
005 (2931686.000.000) 03/19 14:45:54 Job terminated.
	(1) Normal termination (return value 0)
		Usr 0 00:00:00, Sys 0 00:00:00  -  Run Remote Usage
		Usr 0 00:00:00, Sys 0 00:00:00  -  Run Local Usage
		Usr 0 00:00:00, Sys 0 00:00:00  -  Total Remote Usage
		Usr 0 00:00:00, Sys 0 00:00:00  -  Total Local Usage
	2158  -  Run Bytes Sent By Job
	1063  -  Run Bytes Received By Job
	2158  -  Total Bytes Sent By Job
	1063  -  Total Bytes Received By Job
	Partitionable Resources :    Usage  Request Allocated
	   Cpus                 :                 1         1
	   Disk (KB)            :       11        2  12234390
	   Memory (MB)          :        0        1      6054
...
000 (2931687.000.000) 03/19 15:29:23 Job submitted from host: <172.20.6.1:9352>
...
001 (2931687.000.000) 03/19 15:29:35 Job executing on host: <172.20.23.1:9746?addrs=172.20.23.1-9746>
...
006 (2931687.000.000) 03/19 15:29:36 Image size of job updated: 2
	0  -  MemoryUsage of job (MB)
	0  -  ResidentSetSize of job (KB)
...
005 (2931687.000.000) 03/19 15:29:37 Job terminated.
	(1) Normal termination (return value 0)
		Usr 0 00:00:00, Sys 0 00:00:00  -  Run Remote Usage
		Usr 0 00:00:00, Sys 0 00:00:00  -  Run Local Usage
		Usr 0 00:00:00, Sys 0 00:00:00  -  Total Remote Usage
		Usr 0 00:00:00, Sys 0 00:00:00  -  Total Local Usage
	21710  -  Run Bytes Sent By Job
	1132  -  Run Bytes Received By Job
	21710  -  Total Bytes Sent By Job
	1132  -  Total Bytes Received By Job
	Partitionable Resources :    Usage  Request Allocated
	   Cpus                 :                 1         1
	   Disk (KB)            :       31        2  12170389
	   Memory (MB)          :        0        1      6054
...
000 (2931688.000.000) 03/19 15:46:03 Job submitted from host: <172.20.6.1:9352>
...
001 (2931688.000.000) 03/19 15:46:05 Job executing on host: <172.20.201.3:9113?addrs=172.20.201.3-9113>
...
006 (2931688.000.000) 03/19 15:46:05 Image size of job updated: 2
	0  -  MemoryUsage of job (MB)
	0  -  ResidentSetSize of job (KB)
...
005 (2931688.000.000) 03/19 15:46:05 Job terminated.
	(1) Normal termination (return value 0)
		Usr 0 00:00:00, Sys 0 00:00:00  -  Run Remote Usage
		Usr 0 00:00:00, Sys 0 00:00:00  -  Run Local Usage
		Usr 0 00:00:00, Sys 0 00:00:00  -  Total Remote Usage
		Usr 0 00:00:00, Sys 0 00:00:00  -  Total Local Usage
	0  -  Run Bytes Sent By Job
	1169  -  Run Bytes Received By Job
	0  -  Total Bytes Sent By Job
	1169  -  Total Bytes Received By Job
	Partitionable Resources :    Usage  Request Allocated
	   Cpus                 :                 1         1
	   Disk (KB)            :        8        2  12234390
	   Memory (MB)          :        0        1      6054
...
000 (2931689.000.000) 03/19 15:47:41 Job submitted from host: <172.20.6.1:9352>
...
001 (2931689.000.000) 03/19 15:47:46 Job executing on host: <172.20.201.3:9113?addrs=172.20.201.3-9113>
...
006 (2931689.000.000) 03/19 15:47:47 Image size of job updated: 2
	0  -  MemoryUsage of job (MB)
	0  -  ResidentSetSize of job (KB)
...
005 (2931689.000.000) 03/19 15:47:47 Job terminated.
	(1) Normal termination (return value 0)
		Usr 0 00:00:00, Sys 0 00:00:00  -  Run Remote Usage
		Usr 0 00:00:00, Sys 0 00:00:00  -  Run Local Usage
		Usr 0 00:00:00, Sys 0 00:00:00  -  Total Remote Usage
		Usr 0 00:00:00, Sys 0 00:00:00  -  Total Local Usage
	4046561  -  Run Bytes Sent By Job
	1170  -  Run Bytes Received By Job
	4046561  -  Total Bytes Sent By Job
	1170  -  Total Bytes Received By Job
	Partitionable Resources :    Usage  Request Allocated
	   Cpus                 :                 1         1
	   Disk (KB)            :    23198        2  12234390
	   Memory (MB)          :        0        1      6054
...
000 (2931690.000.000) 03/19 15:51:38 Job submitted from host: <172.20.6.1:9352>
...
001 (2931690.000.000) 03/19 15:51:48 Job executing on host: <172.20.201.3:9113?addrs=172.20.201.3-9113>
...
006 (2931690.000.000) 03/19 15:51:48 Image size of job updated: 2
	0  -  MemoryUsage of job (MB)
	0  -  ResidentSetSize of job (KB)
...
005 (2931690.000.000) 03/19 15:51:48 Job terminated.
	(1) Normal termination (return value 0)
		Usr 0 00:00:00, Sys 0 00:00:00  -  Run Remote Usage
		Usr 0 00:00:00, Sys 0 00:00:00  -  Run Local Usage
		Usr 0 00:00:00, Sys 0 00:00:00  -  Total Remote Usage
		Usr 0 00:00:00, Sys 0 00:00:00  -  Total Local Usage
	4029648  -  Run Bytes Sent By Job
	1103  -  Run Bytes Received By Job
	4029648  -  Total Bytes Sent By Job
	1103  -  Total Bytes Received By Job
	Partitionable Resources :    Usage  Request Allocated
	   Cpus                 :                 1         1
	   Disk (KB)            :    23182        2  12234390
	   Memory (MB)          :        0        1      6054
...
000 (2931691.000.000) 03/19 17:23:00 Job submitted from host: <172.20.6.1:9352>
...
001 (2931691.000.000) 03/19 17:23:19 Job executing on host: <172.20.201.3:9113?addrs=172.20.201.3-9113>
...
006 (2931691.000.000) 03/19 17:23:19 Image size of job updated: 2
	0  -  MemoryUsage of job (MB)
	0  -  ResidentSetSize of job (KB)
...
005 (2931691.000.000) 03/19 17:23:19 Job terminated.
	(1) Normal termination (return value 0)
		Usr 0 00:00:00, Sys 0 00:00:00  -  Run Remote Usage
		Usr 0 00:00:00, Sys 0 00:00:00  -  Run Local Usage
		Usr 0 00:00:00, Sys 0 00:00:00  -  Total Remote Usage
		Usr 0 00:00:00, Sys 0 00:00:00  -  Total Local Usage
	4029648  -  Run Bytes Sent By Job
	1103  -  Run Bytes Received By Job
	4029648  -  Total Bytes Sent By Job
	1103  -  Total Bytes Received By Job
	Partitionable Resources :    Usage  Request Allocated
	   Cpus                 :                 1         1
	   Disk (KB)            :    23182        2  12234390
	   Memory (MB)          :        0        1      6054
...
000 (2931692.000.000) 03/20 08:41:12 Job submitted from host: <172.20.6.1:9352>
...
001 (2931692.000.000) 03/20 08:41:25 Job executing on host: <172.20.201.3:9113?addrs=172.20.201.3-9113>
...
006 (2931692.000.000) 03/20 08:41:25 Image size of job updated: 2
	0  -  MemoryUsage of job (MB)
	0  -  ResidentSetSize of job (KB)
...
005 (2931692.000.000) 03/20 08:41:25 Job terminated.
	(1) Normal termination (return value 0)
		Usr 0 00:00:00, Sys 0 00:00:00  -  Run Remote Usage
		Usr 0 00:00:00, Sys 0 00:00:00  -  Run Local Usage
		Usr 0 00:00:00, Sys 0 00:00:00  -  Total Remote Usage
		Usr 0 00:00:00, Sys 0 00:00:00  -  Total Local Usage
	4029238  -  Run Bytes Sent By Job
	1109  -  Run Bytes Received By Job
	4029238  -  Total Bytes Sent By Job
	1109  -  Total Bytes Received By Job
	Partitionable Resources :    Usage  Request Allocated
	   Cpus                 :                 1         1
	   Disk (KB)            :    23181        2  12234390
	   Memory (MB)          :        0        1      6054
...
000 (2931693.000.000) 03/20 08:43:20 Job submitted from host: <172.20.6.1:9352>
...
001 (2931693.000.000) 03/20 08:43:26 Job executing on host: <172.20.201.3:9113?addrs=172.20.201.3-9113>
...
006 (2931693.000.000) 03/20 08:43:26 Image size of job updated: 2
	0  -  MemoryUsage of job (MB)
	0  -  ResidentSetSize of job (KB)
...
005 (2931693.000.000) 03/20 08:43:27 Job terminated.
	(1) Normal termination (return value 0)
		Usr 0 00:00:00, Sys 0 00:00:00  -  Run Remote Usage
		Usr 0 00:00:00, Sys 0 00:00:00  -  Run Local Usage
		Usr 0 00:00:00, Sys 0 00:00:00  -  Total Remote Usage
		Usr 0 00:00:00, Sys 0 00:00:00  -  Total Local Usage
	4029646  -  Run Bytes Sent By Job
	1108  -  Run Bytes Received By Job
	4029646  -  Total Bytes Sent By Job
	1108  -  Total Bytes Received By Job
	Partitionable Resources :    Usage  Request Allocated
	   Cpus                 :                 1         1
	   Disk (KB)            :    23182        2  12234390
	   Memory (MB)          :        0        1      6054
...
000 (2931694.000.000) 03/20 08:53:52 Job submitted from host: <172.20.6.1:9352>
...
001 (2931694.000.000) 03/20 08:54:11 Job executing on host: <172.20.201.3:9113?addrs=172.20.201.3-9113>
...
006 (2931694.000.000) 03/20 08:54:12 Image size of job updated: 2
	0  -  MemoryUsage of job (MB)
	0  -  ResidentSetSize of job (KB)
...
005 (2931694.000.000) 03/20 08:54:12 Job terminated.
	(1) Normal termination (return value 0)
		Usr 0 00:00:00, Sys 0 00:00:00  -  Run Remote Usage
		Usr 0 00:00:00, Sys 0 00:00:00  -  Run Local Usage
		Usr 0 00:00:00, Sys 0 00:00:00  -  Total Remote Usage
		Usr 0 00:00:00, Sys 0 00:00:00  -  Total Local Usage
	2941017  -  Run Bytes Sent By Job
	1108  -  Run Bytes Received By Job
	2941017  -  Total Bytes Sent By Job
	1108  -  Total Bytes Received By Job
	Partitionable Resources :    Usage  Request Allocated
	   Cpus                 :                 1         1
	   Disk (KB)            :    17953        2  12234390
	   Memory (MB)          :        0        1      6054
...
000 (2931695.000.000) 03/20 08:59:19 Job submitted from host: <172.20.6.1:9352>
...
001 (2931695.000.000) 03/20 08:59:34 Job executing on host: <172.20.23.1:9746?addrs=172.20.23.1-9746>
...
006 (2931695.000.000) 03/20 08:59:34 Image size of job updated: 2
	0  -  MemoryUsage of job (MB)
	0  -  ResidentSetSize of job (KB)
...
005 (2931695.000.000) 03/20 08:59:34 Job terminated.
	(1) Normal termination (return value 0)
		Usr 0 00:00:00, Sys 0 00:00:00  -  Run Remote Usage
		Usr 0 00:00:00, Sys 0 00:00:00  -  Run Local Usage
		Usr 0 00:00:00, Sys 0 00:00:00  -  Total Remote Usage
		Usr 0 00:00:00, Sys 0 00:00:00  -  Total Local Usage
	2941040  -  Run Bytes Sent By Job
	1112  -  Run Bytes Received By Job
	2941040  -  Total Bytes Sent By Job
	1112  -  Total Bytes Received By Job
	Partitionable Resources :    Usage  Request Allocated
	   Cpus                 :                 1         1
	   Disk (KB)            :    17953        2  12170389
	   Memory (MB)          :        0        1      6054
...
000 (2931696.000.000) 03/20 09:05:15 Job submitted from host: <172.20.6.1:9352>
...
001 (2931696.000.000) 03/20 09:05:17 Job executing on host: <172.20.23.1:9746?addrs=172.20.23.1-9746>
...
006 (2931696.000.000) 03/20 09:05:18 Image size of job updated: 2
	0  -  MemoryUsage of job (MB)
	0  -  ResidentSetSize of job (KB)
...
005 (2931696.000.000) 03/20 09:05:18 Job terminated.
	(1) Normal termination (return value 0)
		Usr 0 00:00:00, Sys 0 00:00:00  -  Run Remote Usage
		Usr 0 00:00:00, Sys 0 00:00:00  -  Run Local Usage
		Usr 0 00:00:00, Sys 0 00:00:00  -  Total Remote Usage
		Usr 0 00:00:00, Sys 0 00:00:00  -  Total Local Usage
	2941040  -  Run Bytes Sent By Job
	1111  -  Run Bytes Received By Job
	2941040  -  Total Bytes Sent By Job
	1111  -  Total Bytes Received By Job
	Partitionable Resources :    Usage  Request Allocated
	   Cpus                 :                 1         1
	   Disk (KB)            :    17953        2  12170389
	   Memory (MB)          :        0        1      6054
...
000 (2931697.000.000) 03/20 09:14:34 Job submitted from host: <172.20.6.1:9352>
...
001 (2931697.000.000) 03/20 09:14:42 Job executing on host: <172.20.23.1:9746?addrs=172.20.23.1-9746>
...
006 (2931697.000.000) 03/20 09:14:42 Image size of job updated: 2
	0  -  MemoryUsage of job (MB)
	0  -  ResidentSetSize of job (KB)
...
005 (2931697.000.000) 03/20 09:14:43 Job terminated.
	(1) Normal termination (return value 0)
		Usr 0 00:00:00, Sys 0 00:00:00  -  Run Remote Usage
		Usr 0 00:00:00, Sys 0 00:00:00  -  Run Local Usage
		Usr 0 00:00:00, Sys 0 00:00:00  -  Total Remote Usage
		Usr 0 00:00:00, Sys 0 00:00:00  -  Total Local Usage
	347  -  Run Bytes Sent By Job
	1174  -  Run Bytes Received By Job
	347  -  Total Bytes Sent By Job
	1174  -  Total Bytes Received By Job
	Partitionable Resources :    Usage  Request Allocated
	   Cpus                 :                 1         1
	   Disk (KB)            :       10        2  12170389
	   Memory (MB)          :        0        1      6054
...
000 (2931698.000.000) 03/20 09:16:03 Job submitted from host: <172.20.6.1:9352>
...
001 (2931698.000.000) 03/20 09:16:24 Job executing on host: <172.20.201.3:9113?addrs=172.20.201.3-9113>
...
006 (2931698.000.000) 03/20 09:16:24 Image size of job updated: 2
	0  -  MemoryUsage of job (MB)
	0  -  ResidentSetSize of job (KB)
...
005 (2931698.000.000) 03/20 09:16:25 Job terminated.
	(1) Normal termination (return value 0)
		Usr 0 00:00:00, Sys 0 00:00:00  -  Run Remote Usage
		Usr 0 00:00:00, Sys 0 00:00:00  -  Run Local Usage
		Usr 0 00:00:00, Sys 0 00:00:00  -  Total Remote Usage
		Usr 0 00:00:00, Sys 0 00:00:00  -  Total Local Usage
	1495  -  Run Bytes Sent By Job
	1213  -  Run Bytes Received By Job
	1495  -  Total Bytes Sent By Job
	1213  -  Total Bytes Received By Job
	Partitionable Resources :    Usage  Request Allocated
	   Cpus                 :                 1         1
	   Disk (KB)            :       11        2  12234390
	   Memory (MB)          :        0        1      6054
...
000 (2931699.000.000) 03/20 09:17:50 Job submitted from host: <172.20.6.1:9352>
...
001 (2931699.000.000) 03/20 09:18:04 Job executing on host: <172.20.201.3:9113?addrs=172.20.201.3-9113>
...
006 (2931699.000.000) 03/20 09:18:04 Image size of job updated: 2
	0  -  MemoryUsage of job (MB)
	0  -  ResidentSetSize of job (KB)
...
005 (2931699.000.000) 03/20 09:18:05 Job terminated.
	(1) Normal termination (return value 0)
		Usr 0 00:00:00, Sys 0 00:00:00  -  Run Remote Usage
		Usr 0 00:00:00, Sys 0 00:00:00  -  Run Local Usage
		Usr 0 00:00:00, Sys 0 00:00:00  -  Total Remote Usage
		Usr 0 00:00:00, Sys 0 00:00:00  -  Total Local Usage
	1706  -  Run Bytes Sent By Job
	1235  -  Run Bytes Received By Job
	1706  -  Total Bytes Sent By Job
	1235  -  Total Bytes Received By Job
	Partitionable Resources :    Usage  Request Allocated
	   Cpus                 :                 1         1
	   Disk (KB)            :       11        2  12234390
	   Memory (MB)          :        0        1      6054
...
000 (2931700.000.000) 03/20 09:20:22 Job submitted from host: <172.20.6.1:9352>
...
001 (2931700.000.000) 03/20 09:20:25 Job executing on host: <172.20.201.3:9113?addrs=172.20.201.3-9113>
...
006 (2931700.000.000) 03/20 09:20:25 Image size of job updated: 2
	0  -  MemoryUsage of job (MB)
	0  -  ResidentSetSize of job (KB)
...
005 (2931700.000.000) 03/20 09:20:26 Job terminated.
	(1) Normal termination (return value 0)
		Usr 0 00:00:00, Sys 0 00:00:00  -  Run Remote Usage
		Usr 0 00:00:00, Sys 0 00:00:00  -  Run Local Usage
		Usr 0 00:00:00, Sys 0 00:00:00  -  Total Remote Usage
		Usr 0 00:00:00, Sys 0 00:00:00  -  Total Local Usage
	1492  -  Run Bytes Sent By Job
	1249  -  Run Bytes Received By Job
	1492  -  Total Bytes Sent By Job
	1249  -  Total Bytes Received By Job
	Partitionable Resources :    Usage  Request Allocated
	   Cpus                 :                 1         1
	   Disk (KB)            :       11        2  12234390
	   Memory (MB)          :        0        1      6054
...
000 (2931701.000.000) 03/20 09:21:58 Job submitted from host: <172.20.6.1:9352>
...
001 (2931701.000.000) 03/20 09:22:06 Job executing on host: <172.20.201.3:9113?addrs=172.20.201.3-9113>
...
006 (2931701.000.000) 03/20 09:22:06 Image size of job updated: 2
	0  -  MemoryUsage of job (MB)
	0  -  ResidentSetSize of job (KB)
...
005 (2931701.000.000) 03/20 09:22:07 Job terminated.
	(1) Normal termination (return value 0)
		Usr 0 00:00:00, Sys 0 00:00:00  -  Run Remote Usage
		Usr 0 00:00:00, Sys 0 00:00:00  -  Run Local Usage
		Usr 0 00:00:00, Sys 0 00:00:00  -  Total Remote Usage
		Usr 0 00:00:00, Sys 0 00:00:00  -  Total Local Usage
	2317  -  Run Bytes Sent By Job
	1252  -  Run Bytes Received By Job
	2317  -  Total Bytes Sent By Job
	1252  -  Total Bytes Received By Job
	Partitionable Resources :    Usage  Request Allocated
	   Cpus                 :                 1         1
	   Disk (KB)            :       12        2  12234390
	   Memory (MB)          :        0        1      6054
...
000 (2931702.000.000) 03/20 09:23:38 Job submitted from host: <172.20.6.1:9352>
...
001 (2931702.000.000) 03/20 09:23:46 Job executing on host: <172.20.201.3:9113?addrs=172.20.201.3-9113>
...
006 (2931702.000.000) 03/20 09:23:46 Image size of job updated: 2
	0  -  MemoryUsage of job (MB)
	0  -  ResidentSetSize of job (KB)
...
005 (2931702.000.000) 03/20 09:23:47 Job terminated.
	(1) Normal termination (return value 0)
		Usr 0 00:00:00, Sys 0 00:00:00  -  Run Remote Usage
		Usr 0 00:00:00, Sys 0 00:00:00  -  Run Local Usage
		Usr 0 00:00:00, Sys 0 00:00:00  -  Total Remote Usage
		Usr 0 00:00:00, Sys 0 00:00:00  -  Total Local Usage
	1504  -  Run Bytes Sent By Job
	1274  -  Run Bytes Received By Job
	1504  -  Total Bytes Sent By Job
	1274  -  Total Bytes Received By Job
	Partitionable Resources :    Usage  Request Allocated
	   Cpus                 :                 1         1
	   Disk (KB)            :       11        2  12234390
	   Memory (MB)          :        0        1      6054
...
000 (2931703.000.000) 03/20 09:24:53 Job submitted from host: <172.20.6.1:9352>
...
001 (2931703.000.000) 03/20 09:25:07 Job executing on host: <172.20.23.1:9746?addrs=172.20.23.1-9746>
...
006 (2931703.000.000) 03/20 09:25:07 Image size of job updated: 2
	0  -  MemoryUsage of job (MB)
	0  -  ResidentSetSize of job (KB)
...
005 (2931703.000.000) 03/20 09:25:08 Job terminated.
	(1) Normal termination (return value 0)
		Usr 0 00:00:00, Sys 0 00:00:00  -  Run Remote Usage
		Usr 0 00:00:00, Sys 0 00:00:00  -  Run Local Usage
		Usr 0 00:00:00, Sys 0 00:00:00  -  Total Remote Usage
		Usr 0 00:00:00, Sys 0 00:00:00  -  Total Local Usage
	1491  -  Run Bytes Sent By Job
	1283  -  Run Bytes Received By Job
	1491  -  Total Bytes Sent By Job
	1283  -  Total Bytes Received By Job
	Partitionable Resources :    Usage  Request Allocated
	   Cpus                 :                 1         1
	   Disk (KB)            :       11        2  12170389
	   Memory (MB)          :        0        1      6054
...
000 (2931704.000.000) 03/20 09:27:38 Job submitted from host: <172.20.6.1:9352>
...
001 (2931704.000.000) 03/20 09:27:49 Job executing on host: <172.20.201.3:9113?addrs=172.20.201.3-9113>
...
006 (2931704.000.000) 03/20 09:27:49 Image size of job updated: 2
	0  -  MemoryUsage of job (MB)
	0  -  ResidentSetSize of job (KB)
...
005 (2931704.000.000) 03/20 09:27:50 Job terminated.
	(1) Normal termination (return value 0)
		Usr 0 00:00:00, Sys 0 00:00:00  -  Run Remote Usage
		Usr 0 00:00:00, Sys 0 00:00:00  -  Run Local Usage
		Usr 0 00:00:00, Sys 0 00:00:00  -  Total Remote Usage
		Usr 0 00:00:00, Sys 0 00:00:00  -  Total Local Usage
	1488  -  Run Bytes Sent By Job
	1294  -  Run Bytes Received By Job
	1488  -  Total Bytes Sent By Job
	1294  -  Total Bytes Received By Job
	Partitionable Resources :    Usage  Request Allocated
	   Cpus                 :                 1         1
	   Disk (KB)            :       11        2  12234390
	   Memory (MB)          :        0        1      6054
...
000 (2931705.000.000) 03/20 09:28:35 Job submitted from host: <172.20.6.1:9352>
...
001 (2931705.000.000) 03/20 09:28:50 Job executing on host: <172.20.201.3:9113?addrs=172.20.201.3-9113>
...
006 (2931705.000.000) 03/20 09:28:50 Image size of job updated: 2
	0  -  MemoryUsage of job (MB)
	0  -  ResidentSetSize of job (KB)
...
005 (2931705.000.000) 03/20 09:28:51 Job terminated.
	(1) Normal termination (return value 0)
		Usr 0 00:00:00, Sys 0 00:00:00  -  Run Remote Usage
		Usr 0 00:00:00, Sys 0 00:00:00  -  Run Local Usage
		Usr 0 00:00:00, Sys 0 00:00:00  -  Total Remote Usage
		Usr 0 00:00:00, Sys 0 00:00:00  -  Total Local Usage
	1523  -  Run Bytes Sent By Job
	1301  -  Run Bytes Received By Job
	1523  -  Total Bytes Sent By Job
	1301  -  Total Bytes Received By Job
	Partitionable Resources :    Usage  Request Allocated
	   Cpus                 :                 1         1
	   Disk (KB)            :       11        2  12234390
	   Memory (MB)          :        0        1      6054
...
000 (2931706.000.000) 03/20 09:34:33 Job submitted from host: <172.20.6.1:9352>
...
001 (2931706.000.000) 03/20 09:34:54 Job executing on host: <172.20.23.1:9746?addrs=172.20.23.1-9746>
...
006 (2931706.000.000) 03/20 09:34:54 Image size of job updated: 2
	0  -  MemoryUsage of job (MB)
	0  -  ResidentSetSize of job (KB)
...
005 (2931706.000.000) 03/20 09:34:55 Job terminated.
	(1) Normal termination (return value 0)
		Usr 0 00:00:00, Sys 0 00:00:00  -  Run Remote Usage
		Usr 0 00:00:00, Sys 0 00:00:00  -  Run Local Usage
		Usr 0 00:00:00, Sys 0 00:00:00  -  Total Remote Usage
		Usr 0 00:00:00, Sys 0 00:00:00  -  Total Local Usage
	1486  -  Run Bytes Sent By Job
	1356  -  Run Bytes Received By Job
	1486  -  Total Bytes Sent By Job
	1356  -  Total Bytes Received By Job
	Partitionable Resources :    Usage  Request Allocated
	   Cpus                 :                 1         1
	   Disk (KB)            :       11        2  12170389
	   Memory (MB)          :        0        1      6054
...
000 (2933478.000.000) 03/20 11:03:09 Job submitted from host: <172.20.6.1:9352>
...
001 (2933478.000.000) 03/20 11:03:15 Job executing on host: <172.20.201.3:9113?addrs=172.20.201.3-9113>
...
006 (2933478.000.000) 03/20 11:03:15 Image size of job updated: 2
	0  -  MemoryUsage of job (MB)
	0  -  ResidentSetSize of job (KB)
...
005 (2933478.000.000) 03/20 11:03:15 Job terminated.
	(1) Normal termination (return value 0)
		Usr 0 00:00:00, Sys 0 00:00:00  -  Run Remote Usage
		Usr 0 00:00:00, Sys 0 00:00:00  -  Run Local Usage
		Usr 0 00:00:00, Sys 0 00:00:00  -  Total Remote Usage
		Usr 0 00:00:00, Sys 0 00:00:00  -  Total Local Usage
	8667623  -  Run Bytes Sent By Job
	1303  -  Run Bytes Received By Job
	8667623  -  Total Bytes Sent By Job
	1303  -  Total Bytes Received By Job
	Partitionable Resources :    Usage  Request Allocated
	   Cpus                 :                 1         1
	   Disk (KB)            :    58275        2  12234390
	   Memory (MB)          :        0        1      6054
...
000 (2933479.000.000) 03/20 11:05:34 Job submitted from host: <172.20.6.1:9352>
...
001 (2933479.000.000) 03/20 11:05:36 Job executing on host: <172.20.201.3:9113?addrs=172.20.201.3-9113>
...
006 (2933479.000.000) 03/20 11:05:37 Image size of job updated: 2
	0  -  MemoryUsage of job (MB)
	0  -  ResidentSetSize of job (KB)
...
005 (2933479.000.000) 03/20 11:05:37 Job terminated.
	(1) Normal termination (return value 0)
		Usr 0 00:00:00, Sys 0 00:00:00  -  Run Remote Usage
		Usr 0 00:00:00, Sys 0 00:00:00  -  Run Local Usage
		Usr 0 00:00:00, Sys 0 00:00:00  -  Total Remote Usage
		Usr 0 00:00:00, Sys 0 00:00:00  -  Total Local Usage
	8667680  -  Run Bytes Sent By Job
	1320  -  Run Bytes Received By Job
	8667680  -  Total Bytes Sent By Job
	1320  -  Total Bytes Received By Job
	Partitionable Resources :    Usage  Request Allocated
	   Cpus                 :                 1         1
	   Disk (KB)            :    58275        2  12234390
	   Memory (MB)          :        0        1      6054
...
000 (2933480.000.000) 03/20 11:06:11 Job submitted from host: <172.20.6.1:9352>
...
001 (2933480.000.000) 03/20 11:06:16 Job executing on host: <172.20.201.3:9113?addrs=172.20.201.3-9113>
...
006 (2933480.000.000) 03/20 11:06:16 Image size of job updated: 2
	0  -  MemoryUsage of job (MB)
	0  -  ResidentSetSize of job (KB)
...
005 (2933480.000.000) 03/20 11:06:17 Job terminated.
	(1) Normal termination (return value 0)
		Usr 0 00:00:00, Sys 0 00:00:00  -  Run Remote Usage
		Usr 0 00:00:00, Sys 0 00:00:00  -  Run Local Usage
		Usr 0 00:00:00, Sys 0 00:00:00  -  Total Remote Usage
		Usr 0 00:00:00, Sys 0 00:00:00  -  Total Local Usage
	8667623  -  Run Bytes Sent By Job
	1320  -  Run Bytes Received By Job
	8667623  -  Total Bytes Sent By Job
	1320  -  Total Bytes Received By Job
	Partitionable Resources :    Usage  Request Allocated
	   Cpus                 :                 1         1
	   Disk (KB)            :    58275        2  12234390
	   Memory (MB)          :        0        1      6054
...
000 (2933818.000.000) 03/20 11:21:21 Job submitted from host: <172.20.6.1:9352>
...
001 (2933818.000.000) 03/20 11:21:29 Job executing on host: <172.20.23.5:9549?addrs=172.20.23.5-9549>
...
006 (2933818.000.000) 03/20 11:21:30 Image size of job updated: 2
	0  -  MemoryUsage of job (MB)
	0  -  ResidentSetSize of job (KB)
...
005 (2933818.000.000) 03/20 11:21:30 Job terminated.
	(1) Normal termination (return value 0)
		Usr 0 00:00:00, Sys 0 00:00:00  -  Run Remote Usage
		Usr 0 00:00:00, Sys 0 00:00:00  -  Run Local Usage
		Usr 0 00:00:00, Sys 0 00:00:00  -  Total Remote Usage
		Usr 0 00:00:00, Sys 0 00:00:00  -  Total Local Usage
	8667620  -  Run Bytes Sent By Job
	1303  -  Run Bytes Received By Job
	8667620  -  Total Bytes Sent By Job
	1303  -  Total Bytes Received By Job
	Partitionable Resources :    Usage  Request Allocated
	   Cpus                 :                 1         1
	   Disk (KB)            :    58275        2  12234390
	   Memory (MB)          :        0        1      6054
...
000 (2933983.000.000) 03/20 11:24:01 Job submitted from host: <172.20.6.1:9352>
...
001 (2933983.000.000) 03/20 11:24:05 Job executing on host: <172.20.23.4:9933?addrs=172.20.23.4-9933>
...
006 (2933983.000.000) 03/20 11:24:05 Image size of job updated: 2
	0  -  MemoryUsage of job (MB)
	0  -  ResidentSetSize of job (KB)
...
005 (2933983.000.000) 03/20 11:24:06 Job terminated.
	(1) Normal termination (return value 0)
		Usr 0 00:00:00, Sys 0 00:00:00  -  Run Remote Usage
		Usr 0 00:00:00, Sys 0 00:00:00  -  Run Local Usage
		Usr 0 00:00:00, Sys 0 00:00:00  -  Total Remote Usage
		Usr 0 00:00:00, Sys 0 00:00:00  -  Total Local Usage
	8667623  -  Run Bytes Sent By Job
	1303  -  Run Bytes Received By Job
	8667623  -  Total Bytes Sent By Job
	1303  -  Total Bytes Received By Job
	Partitionable Resources :    Usage  Request Allocated
	   Cpus                 :                 1         1
	   Disk (KB)            :    58275        2  12234390
	   Memory (MB)          :        0        1      6054
...
000 (2933984.000.000) 03/20 11:24:57 Job submitted from host: <172.20.6.1:9352>
...
001 (2933984.000.000) 03/20 11:24:58 Job executing on host: <172.20.23.6:9548?addrs=172.20.23.6-9548>
...
006 (2933984.000.000) 03/20 11:24:58 Image size of job updated: 2
	0  -  MemoryUsage of job (MB)
	0  -  ResidentSetSize of job (KB)
...
005 (2933984.000.000) 03/20 11:24:59 Job terminated.
	(1) Normal termination (return value 0)
		Usr 0 00:00:00, Sys 0 00:00:00  -  Run Remote Usage
		Usr 0 00:00:00, Sys 0 00:00:00  -  Run Local Usage
		Usr 0 00:00:00, Sys 0 00:00:00  -  Total Remote Usage
		Usr 0 00:00:00, Sys 0 00:00:00  -  Total Local Usage
	8667623  -  Run Bytes Sent By Job
	1303  -  Run Bytes Received By Job
	8667623  -  Total Bytes Sent By Job
	1303  -  Total Bytes Received By Job
	Partitionable Resources :    Usage  Request Allocated
	   Cpus                 :                 1         1
	   Disk (KB)            :    58275        2  12234390
	   Memory (MB)          :        0        1      6054
...
000 (2934481.000.000) 03/20 11:39:44 Job submitted from host: <172.20.6.1:9352>
...
001 (2934481.000.000) 03/20 11:39:50 Job executing on host: <172.20.201.3:9113?addrs=172.20.201.3-9113>
...
006 (2934481.000.000) 03/20 11:39:50 Image size of job updated: 2
	0  -  MemoryUsage of job (MB)
	0  -  ResidentSetSize of job (KB)
...
005 (2934481.000.000) 03/20 11:39:50 Job terminated.
	(1) Normal termination (return value 0)
		Usr 0 00:00:00, Sys 0 00:00:00  -  Run Remote Usage
		Usr 0 00:00:00, Sys 0 00:00:00  -  Run Local Usage
		Usr 0 00:00:00, Sys 0 00:00:00  -  Total Remote Usage
		Usr 0 00:00:00, Sys 0 00:00:00  -  Total Local Usage
	8667625  -  Run Bytes Sent By Job
	1298  -  Run Bytes Received By Job
	8667625  -  Total Bytes Sent By Job
	1298  -  Total Bytes Received By Job
	Partitionable Resources :    Usage  Request Allocated
	   Cpus                 :                 1         1
	   Disk (KB)            :    58275        2  12231937
	   Memory (MB)          :        0        1      6054
...
000 (2934730.000.000) 03/20 11:48:34 Job submitted from host: <172.20.6.1:9352>
...
001 (2934730.000.000) 03/20 11:48:38 Job executing on host: <172.20.23.1:9746?addrs=172.20.23.1-9746>
...
006 (2934730.000.000) 03/20 11:48:39 Image size of job updated: 2
	0  -  MemoryUsage of job (MB)
	0  -  ResidentSetSize of job (KB)
...
005 (2934730.000.000) 03/20 11:48:39 Job terminated.
	(1) Normal termination (return value 0)
		Usr 0 00:00:00, Sys 0 00:00:00  -  Run Remote Usage
		Usr 0 00:00:00, Sys 0 00:00:00  -  Run Local Usage
		Usr 0 00:00:00, Sys 0 00:00:00  -  Total Remote Usage
		Usr 0 00:00:00, Sys 0 00:00:00  -  Total Local Usage
	8667633  -  Run Bytes Sent By Job
	1298  -  Run Bytes Received By Job
	8667633  -  Total Bytes Sent By Job
	1298  -  Total Bytes Received By Job
	Partitionable Resources :    Usage  Request Allocated
	   Cpus                 :                 1         1
	   Disk (KB)            :    58275        2  12168512
	   Memory (MB)          :        0        1      6054
...
