000 (2957291.000.000) 03/21 13:48:47 Job submitted from host: <172.20.6.1:9352>
...
001 (2957291.000.000) 03/21 13:48:50 Job executing on host: <172.20.201.3:9113?addrs=172.20.201.3-9113>
...
006 (2957291.000.000) 03/21 13:48:50 Image size of job updated: 1
	0  -  MemoryUsage of job (MB)
	0  -  ResidentSetSize of job (KB)
...
005 (2957291.000.000) 03/21 13:48:51 Job terminated.
	(1) Normal termination (return value 0)
		Usr 0 00:00:00, Sys 0 00:00:00  -  Run Remote Usage
		Usr 0 00:00:00, Sys 0 00:00:00  -  Run Local Usage
		Usr 0 00:00:00, Sys 0 00:00:00  -  Total Remote Usage
		Usr 0 00:00:00, Sys 0 00:00:00  -  Total Local Usage
	416  -  Run Bytes Sent By Job
	5764  -  Run Bytes Received By Job
	416  -  Total Bytes Sent By Job
	5764  -  Total Bytes Received By Job
	Partitionable Resources :    Usage  Request Allocated
	   Cpus                 :                 1         1
	   Disk (KB)            :       14       10  12234390
	   Memory (MB)          :        0        1      6054
...
